2013-05-29 20:28:40,468 [9] Orchard.Environment.Extensions.ExtensionManager - No suitable loader found for extension "Mango"
2013-05-29 20:29:03,656 [9] Orchard.Data.Migration.AutomaticDataMigrations - Could not run migrations automatically on TheMetroTheme
2013-05-29 20:41:15,703 [9] Orchard.Environment.Extensions.ExtensionManager - No suitable loader found for extension "Mango"
2013-05-29 20:41:22,406 [9] Orchard.Data.Migration.AutomaticDataMigrations - Could not run migrations automatically on TheMetroTheme
2013-05-29 20:41:29,968 [18] Orchard.FileSystems.AppData.AppDataFolder - Could not delete recipe execution folder E:\Orchard.Source\src\Orchard.Web\App_Data\RecipeQueue\0ced5c78b53f4b92aa014eb101c1a147 under "App_Data" folder
2013-05-29 20:41:56,453 [11] Orchard.Data.Migration.AutomaticDataMigrations - Could not run migrations automatically on TheMetroTheme
2013-05-29 20:42:02,468 [11] Orchard.Data.Migration.AutomaticDataMigrations - Could not run migrations automatically on TheMetroTheme
2013-05-29 20:45:07,656 [12] Orchard.Environment.Extensions.ExtensionManager - No suitable loader found for extension "Mango"
2013-05-29 20:45:41,921 [12] Orchard.Data.Migration.AutomaticDataMigrations - Could not run migrations automatically on TheMetroTheme
2013-05-29 20:47:35,031 [13] Orchard.Data.Migration.AutomaticDataMigrations - Could not run migrations automatically on TheMetroTheme
2013-05-29 20:47:40,328 [13] Orchard.Data.Migration.AutomaticDataMigrations - Could not run migrations automatically on TheMetroTheme
2013-05-29 20:48:36,359 [11] Orchard.Data.Migration.AutomaticDataMigrations - Could not run migrations automatically on TheMetroTheme
2013-05-29 21:04:20,609 [8] NHibernate.AdoNet.AbstractBatcher - Could not execute query: select termconten0_.Id as Id12_, termconten0_.Field as Field12_, termconten0_.TermRecord_id as TermRecord3_12_, termconten0_.TermsPartRecord_id as TermsPar4_12_ from Contrib_Taxonomies_TermContentItem termconten0_ inner join Contrib_Taxonomies_TermsPartRecord termspartr1_ on termconten0_.TermsPartRecord_id=termspartr1_.Id where termspartr1_.Id=@p0
System.Data.SqlClient.SqlException (0x80131904): Must declare the scalar variable "@p0".
   at System.Data.SqlClient.SqlConnection.OnError(SqlException exception, Boolean breakConnection)
   at System.Data.SqlClient.SqlInternalConnection.OnError(SqlException exception, Boolean breakConnection)
   at System.Data.SqlClient.TdsParser.ThrowExceptionAndWarning()
   at System.Data.SqlClient.TdsParser.Run(RunBehavior runBehavior, SqlCommand cmdHandler, SqlDataReader dataStream, BulkCopySimpleResultSet bulkCopyHandler, TdsParserStateObject stateObj)
   at System.Data.SqlClient.SqlDataReader.ConsumeMetaData()
   at System.Data.SqlClient.SqlDataReader.get_MetaData()
   at System.Data.SqlClient.SqlCommand.FinishExecuteReader(SqlDataReader ds, RunBehavior runBehavior, String resetOptionsString)
   at System.Data.SqlClient.SqlCommand.RunExecuteReaderTds(CommandBehavior cmdBehavior, RunBehavior runBehavior, Boolean returnStream, Boolean async)
   at System.Data.SqlClient.SqlCommand.RunExecuteReader(CommandBehavior cmdBehavior, RunBehavior runBehavior, Boolean returnStream, String method, DbAsyncResult result)
   at System.Data.SqlClient.SqlCommand.RunExecuteReader(CommandBehavior cmdBehavior, RunBehavior runBehavior, Boolean returnStream, String method)
   at System.Data.SqlClient.SqlCommand.ExecuteReader(CommandBehavior behavior, String method)
   at System.Data.SqlClient.SqlCommand.ExecuteDbDataReader(CommandBehavior behavior)
   at System.Data.Common.DbCommand.System.Data.IDbCommand.ExecuteReader()
   at NHibernate.AdoNet.AbstractBatcher.ExecuteReader(IDbCommand cmd)
2013-05-29 21:04:20,687 [8] NHibernate.Util.ADOExceptionReporter - System.Data.SqlClient.SqlException (0x80131904): Must declare the scalar variable "@p0".
   at System.Data.SqlClient.SqlConnection.OnError(SqlException exception, Boolean breakConnection)
   at System.Data.SqlClient.SqlInternalConnection.OnError(SqlException exception, Boolean breakConnection)
   at System.Data.SqlClient.TdsParser.ThrowExceptionAndWarning()
   at System.Data.SqlClient.TdsParser.Run(RunBehavior runBehavior, SqlCommand cmdHandler, SqlDataReader dataStream, BulkCopySimpleResultSet bulkCopyHandler, TdsParserStateObject stateObj)
   at System.Data.SqlClient.SqlDataReader.ConsumeMetaData()
   at System.Data.SqlClient.SqlDataReader.get_MetaData()
   at System.Data.SqlClient.SqlCommand.FinishExecuteReader(SqlDataReader ds, RunBehavior runBehavior, String resetOptionsString)
   at System.Data.SqlClient.SqlCommand.RunExecuteReaderTds(CommandBehavior cmdBehavior, RunBehavior runBehavior, Boolean returnStream, Boolean async)
   at System.Data.SqlClient.SqlCommand.RunExecuteReader(CommandBehavior cmdBehavior, RunBehavior runBehavior, Boolean returnStream, String method, DbAsyncResult result)
   at System.Data.SqlClient.SqlCommand.RunExecuteReader(CommandBehavior cmdBehavior, RunBehavior runBehavior, Boolean returnStream, String method)
   at System.Data.SqlClient.SqlCommand.ExecuteReader(CommandBehavior behavior, String method)
   at System.Data.SqlClient.SqlCommand.ExecuteDbDataReader(CommandBehavior behavior)
   at System.Data.Common.DbCommand.System.Data.IDbCommand.ExecuteReader()
   at NHibernate.AdoNet.AbstractBatcher.ExecuteReader(IDbCommand cmd)
   at NHibernate.Loader.Loader.GetResultSet(IDbCommand st, Boolean autoDiscoverTypes, Boolean callable, RowSelection selection, ISessionImplementor session)
2013-05-29 21:04:20,687 [8] NHibernate.Util.ADOExceptionReporter - Must declare the scalar variable "@p0".
2013-05-29 21:04:20,750 [8] NHibernate.Util.ADOExceptionReporter - System.Data.SqlClient.SqlException (0x80131904): Must declare the scalar variable "@p0".
   at System.Data.SqlClient.SqlConnection.OnError(SqlException exception, Boolean breakConnection)
   at System.Data.SqlClient.SqlInternalConnection.OnError(SqlException exception, Boolean breakConnection)
   at System.Data.SqlClient.TdsParser.ThrowExceptionAndWarning()
   at System.Data.SqlClient.TdsParser.Run(RunBehavior runBehavior, SqlCommand cmdHandler, SqlDataReader dataStream, BulkCopySimpleResultSet bulkCopyHandler, TdsParserStateObject stateObj)
   at System.Data.SqlClient.SqlDataReader.ConsumeMetaData()
   at System.Data.SqlClient.SqlDataReader.get_MetaData()
   at System.Data.SqlClient.SqlCommand.FinishExecuteReader(SqlDataReader ds, RunBehavior runBehavior, String resetOptionsString)
   at System.Data.SqlClient.SqlCommand.RunExecuteReaderTds(CommandBehavior cmdBehavior, RunBehavior runBehavior, Boolean returnStream, Boolean async)
   at System.Data.SqlClient.SqlCommand.RunExecuteReader(CommandBehavior cmdBehavior, RunBehavior runBehavior, Boolean returnStream, String method, DbAsyncResult result)
   at System.Data.SqlClient.SqlCommand.RunExecuteReader(CommandBehavior cmdBehavior, RunBehavior runBehavior, Boolean returnStream, String method)
   at System.Data.SqlClient.SqlCommand.ExecuteReader(CommandBehavior behavior, String method)
   at System.Data.SqlClient.SqlCommand.ExecuteDbDataReader(CommandBehavior behavior)
   at System.Data.Common.DbCommand.System.Data.IDbCommand.ExecuteReader()
   at NHibernate.AdoNet.AbstractBatcher.ExecuteReader(IDbCommand cmd)
   at NHibernate.Loader.Loader.GetResultSet(IDbCommand st, Boolean autoDiscoverTypes, Boolean callable, RowSelection selection, ISessionImplementor session)
   at NHibernate.Loader.Loader.DoQuery(ISessionImplementor session, QueryParameters queryParameters, Boolean returnProxies)
   at NHibernate.Loader.Loader.DoQueryAndInitializeNonLazyCollections(ISessionImplementor session, QueryParameters queryParameters, Boolean returnProxies)
   at NHibernate.Loader.Loader.DoList(ISessionImplementor session, QueryParameters queryParameters)
2013-05-29 21:04:20,781 [8] NHibernate.Util.ADOExceptionReporter - Must declare the scalar variable "@p0".
2013-05-29 21:04:20,781 [8] NHibernate.Util.ADOExceptionReporter - System.Data.SqlClient.SqlException (0x80131904): Must declare the scalar variable "@p0".
   at System.Data.SqlClient.SqlConnection.OnError(SqlException exception, Boolean breakConnection)
   at System.Data.SqlClient.SqlInternalConnection.OnError(SqlException exception, Boolean breakConnection)
   at System.Data.SqlClient.TdsParser.ThrowExceptionAndWarning()
   at System.Data.SqlClient.TdsParser.Run(RunBehavior runBehavior, SqlCommand cmdHandler, SqlDataReader dataStream, BulkCopySimpleResultSet bulkCopyHandler, TdsParserStateObject stateObj)
   at System.Data.SqlClient.SqlDataReader.ConsumeMetaData()
   at System.Data.SqlClient.SqlDataReader.get_MetaData()
   at System.Data.SqlClient.SqlCommand.FinishExecuteReader(SqlDataReader ds, RunBehavior runBehavior, String resetOptionsString)
   at System.Data.SqlClient.SqlCommand.RunExecuteReaderTds(CommandBehavior cmdBehavior, RunBehavior runBehavior, Boolean returnStream, Boolean async)
   at System.Data.SqlClient.SqlCommand.RunExecuteReader(CommandBehavior cmdBehavior, RunBehavior runBehavior, Boolean returnStream, String method, DbAsyncResult result)
   at System.Data.SqlClient.SqlCommand.RunExecuteReader(CommandBehavior cmdBehavior, RunBehavior runBehavior, Boolean returnStream, String method)
   at System.Data.SqlClient.SqlCommand.ExecuteReader(CommandBehavior behavior, String method)
   at System.Data.SqlClient.SqlCommand.ExecuteDbDataReader(CommandBehavior behavior)
   at System.Data.Common.DbCommand.System.Data.IDbCommand.ExecuteReader()
   at NHibernate.AdoNet.AbstractBatcher.ExecuteReader(IDbCommand cmd)
   at NHibernate.Loader.Loader.GetResultSet(IDbCommand st, Boolean autoDiscoverTypes, Boolean callable, RowSelection selection, ISessionImplementor session)
   at NHibernate.Loader.Loader.DoQuery(ISessionImplementor session, QueryParameters queryParameters, Boolean returnProxies)
   at NHibernate.Loader.Loader.DoQueryAndInitializeNonLazyCollections(ISessionImplementor session, QueryParameters queryParameters, Boolean returnProxies)
   at NHibernate.Loader.Loader.DoList(ISessionImplementor session, QueryParameters queryParameters)
2013-05-29 21:04:20,781 [8] NHibernate.Util.ADOExceptionReporter - Must declare the scalar variable "@p0".
2013-05-29 21:04:20,921 [8] Orchard.ContentManagement.DefaultContentManager - GenericADOException thrown from IContentHandler by Contrib.Taxonomies.Handlers.TermPartHandler
NHibernate.Exceptions.GenericADOException: could not execute query
[ select termconten0_.Id as Id12_, termconten0_.Field as Field12_, termconten0_.TermRecord_id as TermRecord3_12_, termconten0_.TermsPartRecord_id as TermsPar4_12_ from Contrib_Taxonomies_TermContentItem termconten0_ inner join Contrib_Taxonomies_TermsPartRecord termspartr1_ on termconten0_.TermsPartRecord_id=termspartr1_.Id where termspartr1_.Id=@p0 ]
  Name:p1 - Value:Orchard.ContentManagement.Records.ContentItemRecord
[SQL: select termconten0_.Id as Id12_, termconten0_.Field as Field12_, termconten0_.TermRecord_id as TermRecord3_12_, termconten0_.TermsPartRecord_id as TermsPar4_12_ from Contrib_Taxonomies_TermContentItem termconten0_ inner join Contrib_Taxonomies_TermsPartRecord termspartr1_ on termconten0_.TermsPartRecord_id=termspartr1_.Id where termspartr1_.Id=@p0] ---> System.Data.SqlClient.SqlException: Must declare the scalar variable "@p0".
   at System.Data.SqlClient.SqlConnection.OnError(SqlException exception, Boolean breakConnection)
   at System.Data.SqlClient.SqlInternalConnection.OnError(SqlException exception, Boolean breakConnection)
   at System.Data.SqlClient.TdsParser.ThrowExceptionAndWarning()
   at System.Data.SqlClient.TdsParser.Run(RunBehavior runBehavior, SqlCommand cmdHandler, SqlDataReader dataStream, BulkCopySimpleResultSet bulkCopyHandler, TdsParserStateObject stateObj)
   at System.Data.SqlClient.SqlDataReader.ConsumeMetaData()
   at System.Data.SqlClient.SqlDataReader.get_MetaData()
   at System.Data.SqlClient.SqlCommand.FinishExecuteReader(SqlDataReader ds, RunBehavior runBehavior, String resetOptionsString)
   at System.Data.SqlClient.SqlCommand.RunExecuteReaderTds(CommandBehavior cmdBehavior, RunBehavior runBehavior, Boolean returnStream, Boolean async)
   at System.Data.SqlClient.SqlCommand.RunExecuteReader(CommandBehavior cmdBehavior, RunBehavior runBehavior, Boolean returnStream, String method, DbAsyncResult result)
   at System.Data.SqlClient.SqlCommand.RunExecuteReader(CommandBehavior cmdBehavior, RunBehavior runBehavior, Boolean returnStream, String method)
   at System.Data.SqlClient.SqlCommand.ExecuteReader(CommandBehavior behavior, String method)
   at System.Data.SqlClient.SqlCommand.ExecuteDbDataReader(CommandBehavior behavior)
   at System.Data.Common.DbCommand.System.Data.IDbCommand.ExecuteReader()
   at NHibernate.AdoNet.AbstractBatcher.ExecuteReader(IDbCommand cmd)
   at NHibernate.Loader.Loader.GetResultSet(IDbCommand st, Boolean autoDiscoverTypes, Boolean callable, RowSelection selection, ISessionImplementor session)
   at NHibernate.Loader.Loader.DoQuery(ISessionImplementor session, QueryParameters queryParameters, Boolean returnProxies)
   at NHibernate.Loader.Loader.DoQueryAndInitializeNonLazyCollections(ISessionImplementor session, QueryParameters queryParameters, Boolean returnProxies)
   at NHibernate.Loader.Loader.DoList(ISessionImplementor session, QueryParameters queryParameters)
   --- End of inner exception stack trace ---
   at NHibernate.Loader.Loader.DoList(ISessionImplementor session, QueryParameters queryParameters)
   at NHibernate.Loader.Loader.ListIgnoreQueryCache(ISessionImplementor session, QueryParameters queryParameters)
   at NHibernate.Loader.Loader.List(ISessionImplementor session, QueryParameters queryParameters, ISet`1 querySpaces, IType[] resultTypes)
   at NHibernate.Hql.Ast.ANTLR.Loader.QueryLoader.List(ISessionImplementor session, QueryParameters queryParameters)
   at NHibernate.Hql.Ast.ANTLR.QueryTranslatorImpl.List(ISessionImplementor session, QueryParameters queryParameters)
   at NHibernate.Engine.Query.HQLQueryPlan.PerformList(QueryParameters queryParameters, ISessionImplementor session, IList results)
   at NHibernate.Impl.SessionImpl.List(IQueryExpression queryExpression, QueryParameters queryParameters, IList results)
   at NHibernate.Impl.AbstractSessionImpl.List(IQueryExpression queryExpression, QueryParameters parameters)
   at NHibernate.Impl.ExpressionQueryImpl.List()
   at NHibernate.Linq.DefaultQueryProvider.ExecuteQuery(NhLinqExpression nhLinqExpression, IQuery query, NhLinqExpression nhQuery)
   at NHibernate.Linq.DefaultQueryProvider.Execute(Expression expression)
   at NHibernate.Linq.DefaultQueryProvider.Execute[TResult](Expression expression)
   at Remotion.Linq.QueryableBase`1.GetEnumerator()
   at System.Collections.Generic.List`1..ctor(IEnumerable`1 collection)
   at System.Linq.Enumerable.ToList[TSource](IEnumerable`1 source)
   at Orchard.Utility.Extensions.ReadOnlyCollectionExtensions.ToReadOnlyCollection[T](IEnumerable`1 enumerable) in E:\Orchard.Source\src\Orchard\Utility\Extensions\ReadOnlyCollectionExtensions.cs:line 8
   at Orchard.Data.Repository`1.Orchard.Data.IRepository<T>.Fetch(Expression`1 predicate) in E:\Orchard.Source\src\Orchard\Data\Repository.cs:line 72
   at Contrib.Taxonomies.Services.TaxonomyService.DeleteAssociatedTerms(ContentItem contentItem) in e:\Orchard.Source\src\Orchard.Web\Modules\Contrib.Taxonomies\Services\TaxonomyService.cs:line 207
   at Contrib.Taxonomies.Handlers.TermPartHandler.<>c__DisplayClass8.<.ctor>b__0(RemoveContentContext context, IContent tags) in e:\Orchard.Source\src\Orchard.Web\Modules\Contrib.Taxonomies\Handlers\TermPartHandler.cs:line 18
   at Orchard.ContentManagement.Handlers.ContentHandler.InlineStorageFilter`1.Removed(RemoveContentContext context, TPart instance) in E:\Orchard.Source\src\Orchard\ContentManagement\Handlers\ContentHandler.cs:line 168
   at Orchard.ContentManagement.Handlers.StorageFilterBase`1.Orchard.ContentManagement.Handlers.IContentStorageFilter.Removed(RemoveContentContext context) in E:\Orchard.Source\src\Orchard\ContentManagement\Handlers\StorageFilterBase.cs:line 101
   at Orchard.ContentManagement.Handlers.ContentHandler.Orchard.ContentManagement.Handlers.IContentHandler.Removed(RemoveContentContext context) in E:\Orchard.Source\src\Orchard\ContentManagement\Handlers\ContentHandler.cs:line 298
   at Orchard.ContentManagement.DefaultContentManager.<>c__DisplayClass48.<Remove>b__47(IContentHandler handler) in E:\Orchard.Source\src\Orchard\ContentManagement\DefaultContentManager.cs:line 405
   at Orchard.InvokeExtensions.Invoke[TEvents](IEnumerable`1 events, Action`1 dispatch, ILogger logger) in E:\Orchard.Source\src\Orchard\InvokeExtensions.cs:line 17
2013-05-29 21:04:21,343 [8] NHibernate.AdoNet.AbstractBatcher - Could not execute query: select termconten0_.Id as Id12_, termconten0_.Field as Field12_, termconten0_.TermRecord_id as TermRecord3_12_, termconten0_.TermsPartRecord_id as TermsPar4_12_ from Contrib_Taxonomies_TermContentItem termconten0_ inner join Contrib_Taxonomies_TermsPartRecord termspartr1_ on termconten0_.TermsPartRecord_id=termspartr1_.Id where termspartr1_.Id=@p0
System.Data.SqlClient.SqlException (0x80131904): Must declare the scalar variable "@p0".
   at System.Data.SqlClient.SqlConnection.OnError(SqlException exception, Boolean breakConnection)
   at System.Data.SqlClient.SqlInternalConnection.OnError(SqlException exception, Boolean breakConnection)
   at System.Data.SqlClient.TdsParser.ThrowExceptionAndWarning()
   at System.Data.SqlClient.TdsParser.Run(RunBehavior runBehavior, SqlCommand cmdHandler, SqlDataReader dataStream, BulkCopySimpleResultSet bulkCopyHandler, TdsParserStateObject stateObj)
   at System.Data.SqlClient.SqlDataReader.ConsumeMetaData()
   at System.Data.SqlClient.SqlDataReader.get_MetaData()
   at System.Data.SqlClient.SqlCommand.FinishExecuteReader(SqlDataReader ds, RunBehavior runBehavior, String resetOptionsString)
   at System.Data.SqlClient.SqlCommand.RunExecuteReaderTds(CommandBehavior cmdBehavior, RunBehavior runBehavior, Boolean returnStream, Boolean async)
   at System.Data.SqlClient.SqlCommand.RunExecuteReader(CommandBehavior cmdBehavior, RunBehavior runBehavior, Boolean returnStream, String method, DbAsyncResult result)
   at System.Data.SqlClient.SqlCommand.RunExecuteReader(CommandBehavior cmdBehavior, RunBehavior runBehavior, Boolean returnStream, String method)
   at System.Data.SqlClient.SqlCommand.ExecuteReader(CommandBehavior behavior, String method)
   at System.Data.SqlClient.SqlCommand.ExecuteDbDataReader(CommandBehavior behavior)
   at System.Data.Common.DbCommand.System.Data.IDbCommand.ExecuteReader()
   at NHibernate.AdoNet.AbstractBatcher.ExecuteReader(IDbCommand cmd)
2013-05-29 21:04:21,390 [8] NHibernate.Util.ADOExceptionReporter - System.Data.SqlClient.SqlException (0x80131904): Must declare the scalar variable "@p0".
   at System.Data.SqlClient.SqlConnection.OnError(SqlException exception, Boolean breakConnection)
   at System.Data.SqlClient.SqlInternalConnection.OnError(SqlException exception, Boolean breakConnection)
   at System.Data.SqlClient.TdsParser.ThrowExceptionAndWarning()
   at System.Data.SqlClient.TdsParser.Run(RunBehavior runBehavior, SqlCommand cmdHandler, SqlDataReader dataStream, BulkCopySimpleResultSet bulkCopyHandler, TdsParserStateObject stateObj)
   at System.Data.SqlClient.SqlDataReader.ConsumeMetaData()
   at System.Data.SqlClient.SqlDataReader.get_MetaData()
   at System.Data.SqlClient.SqlCommand.FinishExecuteReader(SqlDataReader ds, RunBehavior runBehavior, String resetOptionsString)
   at System.Data.SqlClient.SqlCommand.RunExecuteReaderTds(CommandBehavior cmdBehavior, RunBehavior runBehavior, Boolean returnStream, Boolean async)
   at System.Data.SqlClient.SqlCommand.RunExecuteReader(CommandBehavior cmdBehavior, RunBehavior runBehavior, Boolean returnStream, String method, DbAsyncResult result)
   at System.Data.SqlClient.SqlCommand.RunExecuteReader(CommandBehavior cmdBehavior, RunBehavior runBehavior, Boolean returnStream, String method)
   at System.Data.SqlClient.SqlCommand.ExecuteReader(CommandBehavior behavior, String method)
   at System.Data.SqlClient.SqlCommand.ExecuteDbDataReader(CommandBehavior behavior)
   at System.Data.Common.DbCommand.System.Data.IDbCommand.ExecuteReader()
   at NHibernate.AdoNet.AbstractBatcher.ExecuteReader(IDbCommand cmd)
   at NHibernate.Loader.Loader.GetResultSet(IDbCommand st, Boolean autoDiscoverTypes, Boolean callable, RowSelection selection, ISessionImplementor session)
2013-05-29 21:04:21,390 [8] NHibernate.Util.ADOExceptionReporter - Must declare the scalar variable "@p0".
2013-05-29 21:04:21,453 [8] NHibernate.Util.ADOExceptionReporter - System.Data.SqlClient.SqlException (0x80131904): Must declare the scalar variable "@p0".
   at System.Data.SqlClient.SqlConnection.OnError(SqlException exception, Boolean breakConnection)
   at System.Data.SqlClient.SqlInternalConnection.OnError(SqlException exception, Boolean breakConnection)
   at System.Data.SqlClient.TdsParser.ThrowExceptionAndWarning()
   at System.Data.SqlClient.TdsParser.Run(RunBehavior runBehavior, SqlCommand cmdHandler, SqlDataReader dataStream, BulkCopySimpleResultSet bulkCopyHandler, TdsParserStateObject stateObj)
   at System.Data.SqlClient.SqlDataReader.ConsumeMetaData()
   at System.Data.SqlClient.SqlDataReader.get_MetaData()
   at System.Data.SqlClient.SqlCommand.FinishExecuteReader(SqlDataReader ds, RunBehavior runBehavior, String resetOptionsString)
   at System.Data.SqlClient.SqlCommand.RunExecuteReaderTds(CommandBehavior cmdBehavior, RunBehavior runBehavior, Boolean returnStream, Boolean async)
   at System.Data.SqlClient.SqlCommand.RunExecuteReader(CommandBehavior cmdBehavior, RunBehavior runBehavior, Boolean returnStream, String method, DbAsyncResult result)
   at System.Data.SqlClient.SqlCommand.RunExecuteReader(CommandBehavior cmdBehavior, RunBehavior runBehavior, Boolean returnStream, String method)
   at System.Data.SqlClient.SqlCommand.ExecuteReader(CommandBehavior behavior, String method)
   at System.Data.SqlClient.SqlCommand.ExecuteDbDataReader(CommandBehavior behavior)
   at System.Data.Common.DbCommand.System.Data.IDbCommand.ExecuteReader()
   at NHibernate.AdoNet.AbstractBatcher.ExecuteReader(IDbCommand cmd)
   at NHibernate.Loader.Loader.GetResultSet(IDbCommand st, Boolean autoDiscoverTypes, Boolean callable, RowSelection selection, ISessionImplementor session)
   at NHibernate.Loader.Loader.DoQuery(ISessionImplementor session, QueryParameters queryParameters, Boolean returnProxies)
   at NHibernate.Loader.Loader.DoQueryAndInitializeNonLazyCollections(ISessionImplementor session, QueryParameters queryParameters, Boolean returnProxies)
   at NHibernate.Loader.Loader.DoList(ISessionImplementor session, QueryParameters queryParameters)
2013-05-29 21:04:21,453 [8] NHibernate.Util.ADOExceptionReporter - Must declare the scalar variable "@p0".
2013-05-29 21:04:21,453 [8] NHibernate.Util.ADOExceptionReporter - System.Data.SqlClient.SqlException (0x80131904): Must declare the scalar variable "@p0".
   at System.Data.SqlClient.SqlConnection.OnError(SqlException exception, Boolean breakConnection)
   at System.Data.SqlClient.SqlInternalConnection.OnError(SqlException exception, Boolean breakConnection)
   at System.Data.SqlClient.TdsParser.ThrowExceptionAndWarning()
   at System.Data.SqlClient.TdsParser.Run(RunBehavior runBehavior, SqlCommand cmdHandler, SqlDataReader dataStream, BulkCopySimpleResultSet bulkCopyHandler, TdsParserStateObject stateObj)
   at System.Data.SqlClient.SqlDataReader.ConsumeMetaData()
   at System.Data.SqlClient.SqlDataReader.get_MetaData()
   at System.Data.SqlClient.SqlCommand.FinishExecuteReader(SqlDataReader ds, RunBehavior runBehavior, String resetOptionsString)
   at System.Data.SqlClient.SqlCommand.RunExecuteReaderTds(CommandBehavior cmdBehavior, RunBehavior runBehavior, Boolean returnStream, Boolean async)
   at System.Data.SqlClient.SqlCommand.RunExecuteReader(CommandBehavior cmdBehavior, RunBehavior runBehavior, Boolean returnStream, String method, DbAsyncResult result)
   at System.Data.SqlClient.SqlCommand.RunExecuteReader(CommandBehavior cmdBehavior, RunBehavior runBehavior, Boolean returnStream, String method)
   at System.Data.SqlClient.SqlCommand.ExecuteReader(CommandBehavior behavior, String method)
   at System.Data.SqlClient.SqlCommand.ExecuteDbDataReader(CommandBehavior behavior)
   at System.Data.Common.DbCommand.System.Data.IDbCommand.ExecuteReader()
   at NHibernate.AdoNet.AbstractBatcher.ExecuteReader(IDbCommand cmd)
   at NHibernate.Loader.Loader.GetResultSet(IDbCommand st, Boolean autoDiscoverTypes, Boolean callable, RowSelection selection, ISessionImplementor session)
   at NHibernate.Loader.Loader.DoQuery(ISessionImplementor session, QueryParameters queryParameters, Boolean returnProxies)
   at NHibernate.Loader.Loader.DoQueryAndInitializeNonLazyCollections(ISessionImplementor session, QueryParameters queryParameters, Boolean returnProxies)
   at NHibernate.Loader.Loader.DoList(ISessionImplementor session, QueryParameters queryParameters)
2013-05-29 21:04:21,453 [8] NHibernate.Util.ADOExceptionReporter - Must declare the scalar variable "@p0".
2013-05-29 21:04:21,562 [8] Orchard.ContentManagement.DefaultContentManager - GenericADOException thrown from IContentHandler by Contrib.Taxonomies.Handlers.TermPartHandler
NHibernate.Exceptions.GenericADOException: could not execute query
[ select termconten0_.Id as Id12_, termconten0_.Field as Field12_, termconten0_.TermRecord_id as TermRecord3_12_, termconten0_.TermsPartRecord_id as TermsPar4_12_ from Contrib_Taxonomies_TermContentItem termconten0_ inner join Contrib_Taxonomies_TermsPartRecord termspartr1_ on termconten0_.TermsPartRecord_id=termspartr1_.Id where termspartr1_.Id=@p0 ]
  Name:p1 - Value:Orchard.ContentManagement.Records.ContentItemRecord
[SQL: select termconten0_.Id as Id12_, termconten0_.Field as Field12_, termconten0_.TermRecord_id as TermRecord3_12_, termconten0_.TermsPartRecord_id as TermsPar4_12_ from Contrib_Taxonomies_TermContentItem termconten0_ inner join Contrib_Taxonomies_TermsPartRecord termspartr1_ on termconten0_.TermsPartRecord_id=termspartr1_.Id where termspartr1_.Id=@p0] ---> System.Data.SqlClient.SqlException: Must declare the scalar variable "@p0".
   at System.Data.SqlClient.SqlConnection.OnError(SqlException exception, Boolean breakConnection)
   at System.Data.SqlClient.SqlInternalConnection.OnError(SqlException exception, Boolean breakConnection)
   at System.Data.SqlClient.TdsParser.ThrowExceptionAndWarning()
   at System.Data.SqlClient.TdsParser.Run(RunBehavior runBehavior, SqlCommand cmdHandler, SqlDataReader dataStream, BulkCopySimpleResultSet bulkCopyHandler, TdsParserStateObject stateObj)
   at System.Data.SqlClient.SqlDataReader.ConsumeMetaData()
   at System.Data.SqlClient.SqlDataReader.get_MetaData()
   at System.Data.SqlClient.SqlCommand.FinishExecuteReader(SqlDataReader ds, RunBehavior runBehavior, String resetOptionsString)
   at System.Data.SqlClient.SqlCommand.RunExecuteReaderTds(CommandBehavior cmdBehavior, RunBehavior runBehavior, Boolean returnStream, Boolean async)
   at System.Data.SqlClient.SqlCommand.RunExecuteReader(CommandBehavior cmdBehavior, RunBehavior runBehavior, Boolean returnStream, String method, DbAsyncResult result)
   at System.Data.SqlClient.SqlCommand.RunExecuteReader(CommandBehavior cmdBehavior, RunBehavior runBehavior, Boolean returnStream, String method)
   at System.Data.SqlClient.SqlCommand.ExecuteReader(CommandBehavior behavior, String method)
   at System.Data.SqlClient.SqlCommand.ExecuteDbDataReader(CommandBehavior behavior)
   at System.Data.Common.DbCommand.System.Data.IDbCommand.ExecuteReader()
   at NHibernate.AdoNet.AbstractBatcher.ExecuteReader(IDbCommand cmd)
   at NHibernate.Loader.Loader.GetResultSet(IDbCommand st, Boolean autoDiscoverTypes, Boolean callable, RowSelection selection, ISessionImplementor session)
   at NHibernate.Loader.Loader.DoQuery(ISessionImplementor session, QueryParameters queryParameters, Boolean returnProxies)
   at NHibernate.Loader.Loader.DoQueryAndInitializeNonLazyCollections(ISessionImplementor session, QueryParameters queryParameters, Boolean returnProxies)
   at NHibernate.Loader.Loader.DoList(ISessionImplementor session, QueryParameters queryParameters)
   --- End of inner exception stack trace ---
   at NHibernate.Loader.Loader.DoList(ISessionImplementor session, QueryParameters queryParameters)
   at NHibernate.Loader.Loader.ListIgnoreQueryCache(ISessionImplementor session, QueryParameters queryParameters)
   at NHibernate.Loader.Loader.List(ISessionImplementor session, QueryParameters queryParameters, ISet`1 querySpaces, IType[] resultTypes)
   at NHibernate.Hql.Ast.ANTLR.Loader.QueryLoader.List(ISessionImplementor session, QueryParameters queryParameters)
   at NHibernate.Hql.Ast.ANTLR.QueryTranslatorImpl.List(ISessionImplementor session, QueryParameters queryParameters)
   at NHibernate.Engine.Query.HQLQueryPlan.PerformList(QueryParameters queryParameters, ISessionImplementor session, IList results)
   at NHibernate.Impl.SessionImpl.List(IQueryExpression queryExpression, QueryParameters queryParameters, IList results)
   at NHibernate.Impl.AbstractSessionImpl.List(IQueryExpression queryExpression, QueryParameters parameters)
   at NHibernate.Impl.ExpressionQueryImpl.List()
   at NHibernate.Linq.DefaultQueryProvider.ExecuteQuery(NhLinqExpression nhLinqExpression, IQuery query, NhLinqExpression nhQuery)
   at NHibernate.Linq.DefaultQueryProvider.Execute(Expression expression)
   at NHibernate.Linq.DefaultQueryProvider.Execute[TResult](Expression expression)
   at Remotion.Linq.QueryableBase`1.GetEnumerator()
   at System.Collections.Generic.List`1..ctor(IEnumerable`1 collection)
   at System.Linq.Enumerable.ToList[TSource](IEnumerable`1 source)
   at Orchard.Utility.Extensions.ReadOnlyCollectionExtensions.ToReadOnlyCollection[T](IEnumerable`1 enumerable) in E:\Orchard.Source\src\Orchard\Utility\Extensions\ReadOnlyCollectionExtensions.cs:line 8
   at Orchard.Data.Repository`1.Orchard.Data.IRepository<T>.Fetch(Expression`1 predicate) in E:\Orchard.Source\src\Orchard\Data\Repository.cs:line 72
   at Contrib.Taxonomies.Services.TaxonomyService.DeleteAssociatedTerms(ContentItem contentItem) in e:\Orchard.Source\src\Orchard.Web\Modules\Contrib.Taxonomies\Services\TaxonomyService.cs:line 207
   at Contrib.Taxonomies.Handlers.TermPartHandler.<>c__DisplayClass8.<.ctor>b__0(RemoveContentContext context, IContent tags) in e:\Orchard.Source\src\Orchard.Web\Modules\Contrib.Taxonomies\Handlers\TermPartHandler.cs:line 18
   at Orchard.ContentManagement.Handlers.ContentHandler.InlineStorageFilter`1.Removed(RemoveContentContext context, TPart instance) in E:\Orchard.Source\src\Orchard\ContentManagement\Handlers\ContentHandler.cs:line 168
   at Orchard.ContentManagement.Handlers.StorageFilterBase`1.Orchard.ContentManagement.Handlers.IContentStorageFilter.Removed(RemoveContentContext context) in E:\Orchard.Source\src\Orchard\ContentManagement\Handlers\StorageFilterBase.cs:line 101
   at Orchard.ContentManagement.Handlers.ContentHandler.Orchard.ContentManagement.Handlers.IContentHandler.Removed(RemoveContentContext context) in E:\Orchard.Source\src\Orchard\ContentManagement\Handlers\ContentHandler.cs:line 298
   at Orchard.ContentManagement.DefaultContentManager.<>c__DisplayClass48.<Remove>b__47(IContentHandler handler) in E:\Orchard.Source\src\Orchard\ContentManagement\DefaultContentManager.cs:line 405
   at Orchard.InvokeExtensions.Invoke[TEvents](IEnumerable`1 events, Action`1 dispatch, ILogger logger) in E:\Orchard.Source\src\Orchard\InvokeExtensions.cs:line 17
2013-05-29 21:21:26,593 [8] Orchard.ContentManagement.DefaultContentManager - NullReferenceException thrown from IContentHandler by Orchard.Blogs.Handlers.BlogPostPartHandler
System.NullReferenceException: Object reference not set to an instance of an object.
   at Orchard.Blogs.Handlers.BlogPostPartHandler.GetItemMetadata(GetContentItemMetadataContext context)
   at Orchard.ContentManagement.Handlers.ContentHandler.Orchard.ContentManagement.Handlers.IContentHandler.GetContentItemMetadata(GetContentItemMetadataContext context) in E:\Orchard.Source\src\Orchard\ContentManagement\Handlers\ContentHandler.cs:line 333
   at Orchard.ContentManagement.DefaultContentManager.<>c__DisplayClass60.<GetItemMetadata>b__5f(IContentHandler handler) in E:\Orchard.Source\src\Orchard\ContentManagement\DefaultContentManager.cs:line 511
   at Orchard.InvokeExtensions.Invoke[TEvents](IEnumerable`1 events, Action`1 dispatch, ILogger logger) in E:\Orchard.Source\src\Orchard\InvokeExtensions.cs:line 17
2013-05-29 21:27:05,062 [4] Orchard.ContentManagement.Drivers.Coordinators.ContentPartDriverCoordinator - NullReferenceException thrown from IContentPartDriver by Contrib.Taxonomies.Drivers.TaxonomyMenuPartDriver
System.NullReferenceException: Object reference not set to an instance of an object.
   at Contrib.Taxonomies.Drivers.TaxonomyMenuPartDriver.<>c__DisplayClass5.<Display>b__2() in e:\Orchard.Source\src\Orchard.Web\Modules\Contrib.Taxonomies\Drivers\TaxonomyMenuPartDriver.cs:line 30
   at Orchard.ContentManagement.Drivers.ContentPartDriver`1.<>c__DisplayClassf.<ContentShape>b__e(BuildShapeContext ctx) in E:\Orchard.Source\src\Orchard\ContentManagement\Drivers\ContentPartDriver.cs:line 130
   at Orchard.ContentManagement.Drivers.ContentPartDriver`1.<>c__DisplayClass15.<ContentShapeImplementation>b__14(BuildShapeContext ctx) in E:\Orchard.Source\src\Orchard\ContentManagement\Drivers\ContentPartDriver.cs:line 139
   at Orchard.ContentManagement.Drivers.ContentShapeResult.ApplyImplementation(BuildShapeContext context, String displayType) in E:\Orchard.Source\src\Orchard\ContentManagement\Drivers\ContentShapeResult.cs:line 39
   at Orchard.ContentManagement.Drivers.ContentShapeResult.Apply(BuildDisplayContext context) in E:\Orchard.Source\src\Orchard\ContentManagement\Drivers\ContentShapeResult.cs:line 21
   at Orchard.ContentManagement.Drivers.Coordinators.ContentPartDriverCoordinator.<>c__DisplayClassa.<BuildDisplay>b__9(IContentPartDriver driver) in E:\Orchard.Source\src\Orchard\ContentManagement\Drivers\Coordinators\ContentPartDriverCoordinator.cs:line 49
   at Orchard.InvokeExtensions.Invoke[TEvents](IEnumerable`1 events, Action`1 dispatch, ILogger logger) in E:\Orchard.Source\src\Orchard\InvokeExtensions.cs:line 17
2013-05-29 21:27:05,140 [4] Orchard.ContentManagement.Drivers.Coordinators.ContentPartDriverCoordinator - NullReferenceException thrown from IContentPartDriver by Contrib.Taxonomies.Drivers.TaxonomyMenuPartDriver
System.NullReferenceException: Object reference not set to an instance of an object.
   at Contrib.Taxonomies.Drivers.TaxonomyMenuPartDriver.<>c__DisplayClass5.<Display>b__2() in e:\Orchard.Source\src\Orchard.Web\Modules\Contrib.Taxonomies\Drivers\TaxonomyMenuPartDriver.cs:line 30
   at Orchard.ContentManagement.Drivers.ContentPartDriver`1.<>c__DisplayClassf.<ContentShape>b__e(BuildShapeContext ctx) in E:\Orchard.Source\src\Orchard\ContentManagement\Drivers\ContentPartDriver.cs:line 130
   at Orchard.ContentManagement.Drivers.ContentPartDriver`1.<>c__DisplayClass15.<ContentShapeImplementation>b__14(BuildShapeContext ctx) in E:\Orchard.Source\src\Orchard\ContentManagement\Drivers\ContentPartDriver.cs:line 139
   at Orchard.ContentManagement.Drivers.ContentShapeResult.ApplyImplementation(BuildShapeContext context, String displayType) in E:\Orchard.Source\src\Orchard\ContentManagement\Drivers\ContentShapeResult.cs:line 39
   at Orchard.ContentManagement.Drivers.ContentShapeResult.Apply(BuildDisplayContext context) in E:\Orchard.Source\src\Orchard\ContentManagement\Drivers\ContentShapeResult.cs:line 21
   at Orchard.ContentManagement.Drivers.Coordinators.ContentPartDriverCoordinator.<>c__DisplayClassa.<BuildDisplay>b__9(IContentPartDriver driver) in E:\Orchard.Source\src\Orchard\ContentManagement\Drivers\Coordinators\ContentPartDriverCoordinator.cs:line 49
   at Orchard.InvokeExtensions.Invoke[TEvents](IEnumerable`1 events, Action`1 dispatch, ILogger logger) in E:\Orchard.Source\src\Orchard\InvokeExtensions.cs:line 17
2013-05-29 21:27:05,156 [4] Orchard.ContentManagement.Drivers.Coordinators.ContentPartDriverCoordinator - NullReferenceException thrown from IContentPartDriver by Contrib.Taxonomies.Drivers.TaxonomyMenuPartDriver
System.NullReferenceException: Object reference not set to an instance of an object.
   at Contrib.Taxonomies.Drivers.TaxonomyMenuPartDriver.<>c__DisplayClass5.<Display>b__2() in e:\Orchard.Source\src\Orchard.Web\Modules\Contrib.Taxonomies\Drivers\TaxonomyMenuPartDriver.cs:line 30
   at Orchard.ContentManagement.Drivers.ContentPartDriver`1.<>c__DisplayClassf.<ContentShape>b__e(BuildShapeContext ctx) in E:\Orchard.Source\src\Orchard\ContentManagement\Drivers\ContentPartDriver.cs:line 130
   at Orchard.ContentManagement.Drivers.ContentPartDriver`1.<>c__DisplayClass15.<ContentShapeImplementation>b__14(BuildShapeContext ctx) in E:\Orchard.Source\src\Orchard\ContentManagement\Drivers\ContentPartDriver.cs:line 139
   at Orchard.ContentManagement.Drivers.ContentShapeResult.ApplyImplementation(BuildShapeContext context, String displayType) in E:\Orchard.Source\src\Orchard\ContentManagement\Drivers\ContentShapeResult.cs:line 39
   at Orchard.ContentManagement.Drivers.ContentShapeResult.Apply(BuildDisplayContext context) in E:\Orchard.Source\src\Orchard\ContentManagement\Drivers\ContentShapeResult.cs:line 21
   at Orchard.ContentManagement.Drivers.Coordinators.ContentPartDriverCoordinator.<>c__DisplayClassa.<BuildDisplay>b__9(IContentPartDriver driver) in E:\Orchard.Source\src\Orchard\ContentManagement\Drivers\Coordinators\ContentPartDriverCoordinator.cs:line 49
   at Orchard.InvokeExtensions.Invoke[TEvents](IEnumerable`1 events, Action`1 dispatch, ILogger logger) in E:\Orchard.Source\src\Orchard\InvokeExtensions.cs:line 17
2013-05-29 21:27:05,171 [4] Orchard.ContentManagement.Drivers.Coordinators.ContentPartDriverCoordinator - NullReferenceException thrown from IContentPartDriver by Contrib.Taxonomies.Drivers.TaxonomyMenuPartDriver
System.NullReferenceException: Object reference not set to an instance of an object.
   at Contrib.Taxonomies.Drivers.TaxonomyMenuPartDriver.<>c__DisplayClass5.<Display>b__2() in e:\Orchard.Source\src\Orchard.Web\Modules\Contrib.Taxonomies\Drivers\TaxonomyMenuPartDriver.cs:line 30
   at Orchard.ContentManagement.Drivers.ContentPartDriver`1.<>c__DisplayClassf.<ContentShape>b__e(BuildShapeContext ctx) in E:\Orchard.Source\src\Orchard\ContentManagement\Drivers\ContentPartDriver.cs:line 130
   at Orchard.ContentManagement.Drivers.ContentPartDriver`1.<>c__DisplayClass15.<ContentShapeImplementation>b__14(BuildShapeContext ctx) in E:\Orchard.Source\src\Orchard\ContentManagement\Drivers\ContentPartDriver.cs:line 139
   at Orchard.ContentManagement.Drivers.ContentShapeResult.ApplyImplementation(BuildShapeContext context, String displayType) in E:\Orchard.Source\src\Orchard\ContentManagement\Drivers\ContentShapeResult.cs:line 39
   at Orchard.ContentManagement.Drivers.ContentShapeResult.Apply(BuildDisplayContext context) in E:\Orchard.Source\src\Orchard\ContentManagement\Drivers\ContentShapeResult.cs:line 21
   at Orchard.ContentManagement.Drivers.Coordinators.ContentPartDriverCoordinator.<>c__DisplayClassa.<BuildDisplay>b__9(IContentPartDriver driver) in E:\Orchard.Source\src\Orchard\ContentManagement\Drivers\Coordinators\ContentPartDriverCoordinator.cs:line 49
   at Orchard.InvokeExtensions.Invoke[TEvents](IEnumerable`1 events, Action`1 dispatch, ILogger logger) in E:\Orchard.Source\src\Orchard\InvokeExtensions.cs:line 17
2013-05-29 21:28:27,453 [13] Orchard.ContentManagement.Drivers.Coordinators.ContentPartDriverCoordinator - NullReferenceException thrown from IContentPartDriver by Contrib.Taxonomies.Drivers.TaxonomyMenuPartDriver
System.NullReferenceException: Object reference not set to an instance of an object.
   at Contrib.Taxonomies.Drivers.TaxonomyMenuPartDriver.<>c__DisplayClass5.<Display>b__2() in e:\Orchard.Source\src\Orchard.Web\Modules\Contrib.Taxonomies\Drivers\TaxonomyMenuPartDriver.cs:line 30
   at Orchard.ContentManagement.Drivers.ContentPartDriver`1.<>c__DisplayClassf.<ContentShape>b__e(BuildShapeContext ctx) in E:\Orchard.Source\src\Orchard\ContentManagement\Drivers\ContentPartDriver.cs:line 130
   at Orchard.ContentManagement.Drivers.ContentPartDriver`1.<>c__DisplayClass15.<ContentShapeImplementation>b__14(BuildShapeContext ctx) in E:\Orchard.Source\src\Orchard\ContentManagement\Drivers\ContentPartDriver.cs:line 139
   at Orchard.ContentManagement.Drivers.ContentShapeResult.ApplyImplementation(BuildShapeContext context, String displayType) in E:\Orchard.Source\src\Orchard\ContentManagement\Drivers\ContentShapeResult.cs:line 39
   at Orchard.ContentManagement.Drivers.ContentShapeResult.Apply(BuildDisplayContext context) in E:\Orchard.Source\src\Orchard\ContentManagement\Drivers\ContentShapeResult.cs:line 21
   at Orchard.ContentManagement.Drivers.Coordinators.ContentPartDriverCoordinator.<>c__DisplayClassa.<BuildDisplay>b__9(IContentPartDriver driver) in E:\Orchard.Source\src\Orchard\ContentManagement\Drivers\Coordinators\ContentPartDriverCoordinator.cs:line 49
   at Orchard.InvokeExtensions.Invoke[TEvents](IEnumerable`1 events, Action`1 dispatch, ILogger logger) in E:\Orchard.Source\src\Orchard\InvokeExtensions.cs:line 17
2013-05-29 21:28:27,468 [13] Orchard.ContentManagement.Drivers.Coordinators.ContentPartDriverCoordinator - NullReferenceException thrown from IContentPartDriver by Contrib.Taxonomies.Drivers.TaxonomyMenuPartDriver
System.NullReferenceException: Object reference not set to an instance of an object.
   at Contrib.Taxonomies.Drivers.TaxonomyMenuPartDriver.<>c__DisplayClass5.<Display>b__2() in e:\Orchard.Source\src\Orchard.Web\Modules\Contrib.Taxonomies\Drivers\TaxonomyMenuPartDriver.cs:line 30
   at Orchard.ContentManagement.Drivers.ContentPartDriver`1.<>c__DisplayClassf.<ContentShape>b__e(BuildShapeContext ctx) in E:\Orchard.Source\src\Orchard\ContentManagement\Drivers\ContentPartDriver.cs:line 130
   at Orchard.ContentManagement.Drivers.ContentPartDriver`1.<>c__DisplayClass15.<ContentShapeImplementation>b__14(BuildShapeContext ctx) in E:\Orchard.Source\src\Orchard\ContentManagement\Drivers\ContentPartDriver.cs:line 139
   at Orchard.ContentManagement.Drivers.ContentShapeResult.ApplyImplementation(BuildShapeContext context, String displayType) in E:\Orchard.Source\src\Orchard\ContentManagement\Drivers\ContentShapeResult.cs:line 39
   at Orchard.ContentManagement.Drivers.ContentShapeResult.Apply(BuildDisplayContext context) in E:\Orchard.Source\src\Orchard\ContentManagement\Drivers\ContentShapeResult.cs:line 21
   at Orchard.ContentManagement.Drivers.Coordinators.ContentPartDriverCoordinator.<>c__DisplayClassa.<BuildDisplay>b__9(IContentPartDriver driver) in E:\Orchard.Source\src\Orchard\ContentManagement\Drivers\Coordinators\ContentPartDriverCoordinator.cs:line 49
   at Orchard.InvokeExtensions.Invoke[TEvents](IEnumerable`1 events, Action`1 dispatch, ILogger logger) in E:\Orchard.Source\src\Orchard\InvokeExtensions.cs:line 17
2013-05-29 21:28:27,484 [13] Orchard.ContentManagement.Drivers.Coordinators.ContentPartDriverCoordinator - NullReferenceException thrown from IContentPartDriver by Contrib.Taxonomies.Drivers.TaxonomyMenuPartDriver
System.NullReferenceException: Object reference not set to an instance of an object.
   at Contrib.Taxonomies.Drivers.TaxonomyMenuPartDriver.<>c__DisplayClass5.<Display>b__2() in e:\Orchard.Source\src\Orchard.Web\Modules\Contrib.Taxonomies\Drivers\TaxonomyMenuPartDriver.cs:line 30
   at Orchard.ContentManagement.Drivers.ContentPartDriver`1.<>c__DisplayClassf.<ContentShape>b__e(BuildShapeContext ctx) in E:\Orchard.Source\src\Orchard\ContentManagement\Drivers\ContentPartDriver.cs:line 130
   at Orchard.ContentManagement.Drivers.ContentPartDriver`1.<>c__DisplayClass15.<ContentShapeImplementation>b__14(BuildShapeContext ctx) in E:\Orchard.Source\src\Orchard\ContentManagement\Drivers\ContentPartDriver.cs:line 139
   at Orchard.ContentManagement.Drivers.ContentShapeResult.ApplyImplementation(BuildShapeContext context, String displayType) in E:\Orchard.Source\src\Orchard\ContentManagement\Drivers\ContentShapeResult.cs:line 39
   at Orchard.ContentManagement.Drivers.ContentShapeResult.Apply(BuildDisplayContext context) in E:\Orchard.Source\src\Orchard\ContentManagement\Drivers\ContentShapeResult.cs:line 21
   at Orchard.ContentManagement.Drivers.Coordinators.ContentPartDriverCoordinator.<>c__DisplayClassa.<BuildDisplay>b__9(IContentPartDriver driver) in E:\Orchard.Source\src\Orchard\ContentManagement\Drivers\Coordinators\ContentPartDriverCoordinator.cs:line 49
   at Orchard.InvokeExtensions.Invoke[TEvents](IEnumerable`1 events, Action`1 dispatch, ILogger logger) in E:\Orchard.Source\src\Orchard\InvokeExtensions.cs:line 17
2013-05-29 21:28:27,500 [13] Orchard.ContentManagement.Drivers.Coordinators.ContentPartDriverCoordinator - NullReferenceException thrown from IContentPartDriver by Contrib.Taxonomies.Drivers.TaxonomyMenuPartDriver
System.NullReferenceException: Object reference not set to an instance of an object.
   at Contrib.Taxonomies.Drivers.TaxonomyMenuPartDriver.<>c__DisplayClass5.<Display>b__2() in e:\Orchard.Source\src\Orchard.Web\Modules\Contrib.Taxonomies\Drivers\TaxonomyMenuPartDriver.cs:line 30
   at Orchard.ContentManagement.Drivers.ContentPartDriver`1.<>c__DisplayClassf.<ContentShape>b__e(BuildShapeContext ctx) in E:\Orchard.Source\src\Orchard\ContentManagement\Drivers\ContentPartDriver.cs:line 130
   at Orchard.ContentManagement.Drivers.ContentPartDriver`1.<>c__DisplayClass15.<ContentShapeImplementation>b__14(BuildShapeContext ctx) in E:\Orchard.Source\src\Orchard\ContentManagement\Drivers\ContentPartDriver.cs:line 139
   at Orchard.ContentManagement.Drivers.ContentShapeResult.ApplyImplementation(BuildShapeContext context, String displayType) in E:\Orchard.Source\src\Orchard\ContentManagement\Drivers\ContentShapeResult.cs:line 39
   at Orchard.ContentManagement.Drivers.ContentShapeResult.Apply(BuildDisplayContext context) in E:\Orchard.Source\src\Orchard\ContentManagement\Drivers\ContentShapeResult.cs:line 21
   at Orchard.ContentManagement.Drivers.Coordinators.ContentPartDriverCoordinator.<>c__DisplayClassa.<BuildDisplay>b__9(IContentPartDriver driver) in E:\Orchard.Source\src\Orchard\ContentManagement\Drivers\Coordinators\ContentPartDriverCoordinator.cs:line 49
   at Orchard.InvokeExtensions.Invoke[TEvents](IEnumerable`1 events, Action`1 dispatch, ILogger logger) in E:\Orchard.Source\src\Orchard\InvokeExtensions.cs:line 17
2013-05-29 21:33:53,343 [13] Orchard.ContentManagement.Drivers.Coordinators.ContentPartDriverCoordinator - NullReferenceException thrown from IContentPartDriver by Contrib.Taxonomies.Drivers.TaxonomyMenuPartDriver
System.NullReferenceException: Object reference not set to an instance of an object.
   at Contrib.Taxonomies.Drivers.TaxonomyMenuPartDriver.<>c__DisplayClass5.<Display>b__2() in e:\Orchard.Source\src\Orchard.Web\Modules\Contrib.Taxonomies\Drivers\TaxonomyMenuPartDriver.cs:line 30
   at Orchard.ContentManagement.Drivers.ContentPartDriver`1.<>c__DisplayClassf.<ContentShape>b__e(BuildShapeContext ctx) in E:\Orchard.Source\src\Orchard\ContentManagement\Drivers\ContentPartDriver.cs:line 130
   at Orchard.ContentManagement.Drivers.ContentPartDriver`1.<>c__DisplayClass15.<ContentShapeImplementation>b__14(BuildShapeContext ctx) in E:\Orchard.Source\src\Orchard\ContentManagement\Drivers\ContentPartDriver.cs:line 139
   at Orchard.ContentManagement.Drivers.ContentShapeResult.ApplyImplementation(BuildShapeContext context, String displayType) in E:\Orchard.Source\src\Orchard\ContentManagement\Drivers\ContentShapeResult.cs:line 39
   at Orchard.ContentManagement.Drivers.ContentShapeResult.Apply(BuildDisplayContext context) in E:\Orchard.Source\src\Orchard\ContentManagement\Drivers\ContentShapeResult.cs:line 21
   at Orchard.ContentManagement.Drivers.Coordinators.ContentPartDriverCoordinator.<>c__DisplayClassa.<BuildDisplay>b__9(IContentPartDriver driver) in E:\Orchard.Source\src\Orchard\ContentManagement\Drivers\Coordinators\ContentPartDriverCoordinator.cs:line 49
   at Orchard.InvokeExtensions.Invoke[TEvents](IEnumerable`1 events, Action`1 dispatch, ILogger logger) in E:\Orchard.Source\src\Orchard\InvokeExtensions.cs:line 17
2013-05-29 21:33:53,359 [13] Orchard.ContentManagement.Drivers.Coordinators.ContentPartDriverCoordinator - NullReferenceException thrown from IContentPartDriver by Contrib.Taxonomies.Drivers.TaxonomyMenuPartDriver
System.NullReferenceException: Object reference not set to an instance of an object.
   at Contrib.Taxonomies.Drivers.TaxonomyMenuPartDriver.<>c__DisplayClass5.<Display>b__2() in e:\Orchard.Source\src\Orchard.Web\Modules\Contrib.Taxonomies\Drivers\TaxonomyMenuPartDriver.cs:line 30
   at Orchard.ContentManagement.Drivers.ContentPartDriver`1.<>c__DisplayClassf.<ContentShape>b__e(BuildShapeContext ctx) in E:\Orchard.Source\src\Orchard\ContentManagement\Drivers\ContentPartDriver.cs:line 130
   at Orchard.ContentManagement.Drivers.ContentPartDriver`1.<>c__DisplayClass15.<ContentShapeImplementation>b__14(BuildShapeContext ctx) in E:\Orchard.Source\src\Orchard\ContentManagement\Drivers\ContentPartDriver.cs:line 139
   at Orchard.ContentManagement.Drivers.ContentShapeResult.ApplyImplementation(BuildShapeContext context, String displayType) in E:\Orchard.Source\src\Orchard\ContentManagement\Drivers\ContentShapeResult.cs:line 39
   at Orchard.ContentManagement.Drivers.ContentShapeResult.Apply(BuildDisplayContext context) in E:\Orchard.Source\src\Orchard\ContentManagement\Drivers\ContentShapeResult.cs:line 21
   at Orchard.ContentManagement.Drivers.Coordinators.ContentPartDriverCoordinator.<>c__DisplayClassa.<BuildDisplay>b__9(IContentPartDriver driver) in E:\Orchard.Source\src\Orchard\ContentManagement\Drivers\Coordinators\ContentPartDriverCoordinator.cs:line 49
   at Orchard.InvokeExtensions.Invoke[TEvents](IEnumerable`1 events, Action`1 dispatch, ILogger logger) in E:\Orchard.Source\src\Orchard\InvokeExtensions.cs:line 17
2013-05-29 21:33:53,375 [13] Orchard.ContentManagement.Drivers.Coordinators.ContentPartDriverCoordinator - NullReferenceException thrown from IContentPartDriver by Contrib.Taxonomies.Drivers.TaxonomyMenuPartDriver
System.NullReferenceException: Object reference not set to an instance of an object.
   at Contrib.Taxonomies.Drivers.TaxonomyMenuPartDriver.<>c__DisplayClass5.<Display>b__2() in e:\Orchard.Source\src\Orchard.Web\Modules\Contrib.Taxonomies\Drivers\TaxonomyMenuPartDriver.cs:line 30
   at Orchard.ContentManagement.Drivers.ContentPartDriver`1.<>c__DisplayClassf.<ContentShape>b__e(BuildShapeContext ctx) in E:\Orchard.Source\src\Orchard\ContentManagement\Drivers\ContentPartDriver.cs:line 130
   at Orchard.ContentManagement.Drivers.ContentPartDriver`1.<>c__DisplayClass15.<ContentShapeImplementation>b__14(BuildShapeContext ctx) in E:\Orchard.Source\src\Orchard\ContentManagement\Drivers\ContentPartDriver.cs:line 139
   at Orchard.ContentManagement.Drivers.ContentShapeResult.ApplyImplementation(BuildShapeContext context, String displayType) in E:\Orchard.Source\src\Orchard\ContentManagement\Drivers\ContentShapeResult.cs:line 39
   at Orchard.ContentManagement.Drivers.ContentShapeResult.Apply(BuildDisplayContext context) in E:\Orchard.Source\src\Orchard\ContentManagement\Drivers\ContentShapeResult.cs:line 21
   at Orchard.ContentManagement.Drivers.Coordinators.ContentPartDriverCoordinator.<>c__DisplayClassa.<BuildDisplay>b__9(IContentPartDriver driver) in E:\Orchard.Source\src\Orchard\ContentManagement\Drivers\Coordinators\ContentPartDriverCoordinator.cs:line 49
   at Orchard.InvokeExtensions.Invoke[TEvents](IEnumerable`1 events, Action`1 dispatch, ILogger logger) in E:\Orchard.Source\src\Orchard\InvokeExtensions.cs:line 17
2013-05-29 21:34:20,250 [12] Orchard.ContentManagement.Drivers.Coordinators.ContentPartDriverCoordinator - NullReferenceException thrown from IContentPartDriver by Contrib.Taxonomies.Drivers.TaxonomyMenuPartDriver
System.NullReferenceException: Object reference not set to an instance of an object.
   at Contrib.Taxonomies.Drivers.TaxonomyMenuPartDriver.<>c__DisplayClass5.<Display>b__2() in e:\Orchard.Source\src\Orchard.Web\Modules\Contrib.Taxonomies\Drivers\TaxonomyMenuPartDriver.cs:line 30
   at Orchard.ContentManagement.Drivers.ContentPartDriver`1.<>c__DisplayClassf.<ContentShape>b__e(BuildShapeContext ctx) in E:\Orchard.Source\src\Orchard\ContentManagement\Drivers\ContentPartDriver.cs:line 130
   at Orchard.ContentManagement.Drivers.ContentPartDriver`1.<>c__DisplayClass15.<ContentShapeImplementation>b__14(BuildShapeContext ctx) in E:\Orchard.Source\src\Orchard\ContentManagement\Drivers\ContentPartDriver.cs:line 139
   at Orchard.ContentManagement.Drivers.ContentShapeResult.ApplyImplementation(BuildShapeContext context, String displayType) in E:\Orchard.Source\src\Orchard\ContentManagement\Drivers\ContentShapeResult.cs:line 39
   at Orchard.ContentManagement.Drivers.ContentShapeResult.Apply(BuildDisplayContext context) in E:\Orchard.Source\src\Orchard\ContentManagement\Drivers\ContentShapeResult.cs:line 21
   at Orchard.ContentManagement.Drivers.Coordinators.ContentPartDriverCoordinator.<>c__DisplayClassa.<BuildDisplay>b__9(IContentPartDriver driver) in E:\Orchard.Source\src\Orchard\ContentManagement\Drivers\Coordinators\ContentPartDriverCoordinator.cs:line 49
   at Orchard.InvokeExtensions.Invoke[TEvents](IEnumerable`1 events, Action`1 dispatch, ILogger logger) in E:\Orchard.Source\src\Orchard\InvokeExtensions.cs:line 17
2013-05-29 21:34:20,265 [12] Orchard.ContentManagement.Drivers.Coordinators.ContentPartDriverCoordinator - NullReferenceException thrown from IContentPartDriver by Contrib.Taxonomies.Drivers.TaxonomyMenuPartDriver
System.NullReferenceException: Object reference not set to an instance of an object.
   at Contrib.Taxonomies.Drivers.TaxonomyMenuPartDriver.<>c__DisplayClass5.<Display>b__2() in e:\Orchard.Source\src\Orchard.Web\Modules\Contrib.Taxonomies\Drivers\TaxonomyMenuPartDriver.cs:line 30
   at Orchard.ContentManagement.Drivers.ContentPartDriver`1.<>c__DisplayClassf.<ContentShape>b__e(BuildShapeContext ctx) in E:\Orchard.Source\src\Orchard\ContentManagement\Drivers\ContentPartDriver.cs:line 130
   at Orchard.ContentManagement.Drivers.ContentPartDriver`1.<>c__DisplayClass15.<ContentShapeImplementation>b__14(BuildShapeContext ctx) in E:\Orchard.Source\src\Orchard\ContentManagement\Drivers\ContentPartDriver.cs:line 139
   at Orchard.ContentManagement.Drivers.ContentShapeResult.ApplyImplementation(BuildShapeContext context, String displayType) in E:\Orchard.Source\src\Orchard\ContentManagement\Drivers\ContentShapeResult.cs:line 39
   at Orchard.ContentManagement.Drivers.ContentShapeResult.Apply(BuildDisplayContext context) in E:\Orchard.Source\src\Orchard\ContentManagement\Drivers\ContentShapeResult.cs:line 21
   at Orchard.ContentManagement.Drivers.Coordinators.ContentPartDriverCoordinator.<>c__DisplayClassa.<BuildDisplay>b__9(IContentPartDriver driver) in E:\Orchard.Source\src\Orchard\ContentManagement\Drivers\Coordinators\ContentPartDriverCoordinator.cs:line 49
   at Orchard.InvokeExtensions.Invoke[TEvents](IEnumerable`1 events, Action`1 dispatch, ILogger logger) in E:\Orchard.Source\src\Orchard\InvokeExtensions.cs:line 17
2013-05-29 21:34:20,281 [12] Orchard.ContentManagement.Drivers.Coordinators.ContentPartDriverCoordinator - NullReferenceException thrown from IContentPartDriver by Contrib.Taxonomies.Drivers.TaxonomyMenuPartDriver
System.NullReferenceException: Object reference not set to an instance of an object.
   at Contrib.Taxonomies.Drivers.TaxonomyMenuPartDriver.<>c__DisplayClass5.<Display>b__2() in e:\Orchard.Source\src\Orchard.Web\Modules\Contrib.Taxonomies\Drivers\TaxonomyMenuPartDriver.cs:line 30
   at Orchard.ContentManagement.Drivers.ContentPartDriver`1.<>c__DisplayClassf.<ContentShape>b__e(BuildShapeContext ctx) in E:\Orchard.Source\src\Orchard\ContentManagement\Drivers\ContentPartDriver.cs:line 130
   at Orchard.ContentManagement.Drivers.ContentPartDriver`1.<>c__DisplayClass15.<ContentShapeImplementation>b__14(BuildShapeContext ctx) in E:\Orchard.Source\src\Orchard\ContentManagement\Drivers\ContentPartDriver.cs:line 139
   at Orchard.ContentManagement.Drivers.ContentShapeResult.ApplyImplementation(BuildShapeContext context, String displayType) in E:\Orchard.Source\src\Orchard\ContentManagement\Drivers\ContentShapeResult.cs:line 39
   at Orchard.ContentManagement.Drivers.ContentShapeResult.Apply(BuildDisplayContext context) in E:\Orchard.Source\src\Orchard\ContentManagement\Drivers\ContentShapeResult.cs:line 21
   at Orchard.ContentManagement.Drivers.Coordinators.ContentPartDriverCoordinator.<>c__DisplayClassa.<BuildDisplay>b__9(IContentPartDriver driver) in E:\Orchard.Source\src\Orchard\ContentManagement\Drivers\Coordinators\ContentPartDriverCoordinator.cs:line 49
   at Orchard.InvokeExtensions.Invoke[TEvents](IEnumerable`1 events, Action`1 dispatch, ILogger logger) in E:\Orchard.Source\src\Orchard\InvokeExtensions.cs:line 17
2013-05-29 21:34:28,125 [4] Orchard.ContentManagement.Drivers.Coordinators.ContentPartDriverCoordinator - NullReferenceException thrown from IContentPartDriver by Contrib.Taxonomies.Drivers.TaxonomyMenuPartDriver
System.NullReferenceException: Object reference not set to an instance of an object.
   at Contrib.Taxonomies.Drivers.TaxonomyMenuPartDriver.<>c__DisplayClass5.<Display>b__2() in e:\Orchard.Source\src\Orchard.Web\Modules\Contrib.Taxonomies\Drivers\TaxonomyMenuPartDriver.cs:line 30
   at Orchard.ContentManagement.Drivers.ContentPartDriver`1.<>c__DisplayClassf.<ContentShape>b__e(BuildShapeContext ctx) in E:\Orchard.Source\src\Orchard\ContentManagement\Drivers\ContentPartDriver.cs:line 130
   at Orchard.ContentManagement.Drivers.ContentPartDriver`1.<>c__DisplayClass15.<ContentShapeImplementation>b__14(BuildShapeContext ctx) in E:\Orchard.Source\src\Orchard\ContentManagement\Drivers\ContentPartDriver.cs:line 139
   at Orchard.ContentManagement.Drivers.ContentShapeResult.ApplyImplementation(BuildShapeContext context, String displayType) in E:\Orchard.Source\src\Orchard\ContentManagement\Drivers\ContentShapeResult.cs:line 39
   at Orchard.ContentManagement.Drivers.ContentShapeResult.Apply(BuildDisplayContext context) in E:\Orchard.Source\src\Orchard\ContentManagement\Drivers\ContentShapeResult.cs:line 21
   at Orchard.ContentManagement.Drivers.Coordinators.ContentPartDriverCoordinator.<>c__DisplayClassa.<BuildDisplay>b__9(IContentPartDriver driver) in E:\Orchard.Source\src\Orchard\ContentManagement\Drivers\Coordinators\ContentPartDriverCoordinator.cs:line 49
   at Orchard.InvokeExtensions.Invoke[TEvents](IEnumerable`1 events, Action`1 dispatch, ILogger logger) in E:\Orchard.Source\src\Orchard\InvokeExtensions.cs:line 17
2013-05-29 21:34:28,140 [4] Orchard.ContentManagement.Drivers.Coordinators.ContentPartDriverCoordinator - NullReferenceException thrown from IContentPartDriver by Contrib.Taxonomies.Drivers.TaxonomyMenuPartDriver
System.NullReferenceException: Object reference not set to an instance of an object.
   at Contrib.Taxonomies.Drivers.TaxonomyMenuPartDriver.<>c__DisplayClass5.<Display>b__2() in e:\Orchard.Source\src\Orchard.Web\Modules\Contrib.Taxonomies\Drivers\TaxonomyMenuPartDriver.cs:line 30
   at Orchard.ContentManagement.Drivers.ContentPartDriver`1.<>c__DisplayClassf.<ContentShape>b__e(BuildShapeContext ctx) in E:\Orchard.Source\src\Orchard\ContentManagement\Drivers\ContentPartDriver.cs:line 130
   at Orchard.ContentManagement.Drivers.ContentPartDriver`1.<>c__DisplayClass15.<ContentShapeImplementation>b__14(BuildShapeContext ctx) in E:\Orchard.Source\src\Orchard\ContentManagement\Drivers\ContentPartDriver.cs:line 139
   at Orchard.ContentManagement.Drivers.ContentShapeResult.ApplyImplementation(BuildShapeContext context, String displayType) in E:\Orchard.Source\src\Orchard\ContentManagement\Drivers\ContentShapeResult.cs:line 39
   at Orchard.ContentManagement.Drivers.ContentShapeResult.Apply(BuildDisplayContext context) in E:\Orchard.Source\src\Orchard\ContentManagement\Drivers\ContentShapeResult.cs:line 21
   at Orchard.ContentManagement.Drivers.Coordinators.ContentPartDriverCoordinator.<>c__DisplayClassa.<BuildDisplay>b__9(IContentPartDriver driver) in E:\Orchard.Source\src\Orchard\ContentManagement\Drivers\Coordinators\ContentPartDriverCoordinator.cs:line 49
   at Orchard.InvokeExtensions.Invoke[TEvents](IEnumerable`1 events, Action`1 dispatch, ILogger logger) in E:\Orchard.Source\src\Orchard\InvokeExtensions.cs:line 17
2013-05-29 21:34:28,156 [4] Orchard.ContentManagement.Drivers.Coordinators.ContentPartDriverCoordinator - NullReferenceException thrown from IContentPartDriver by Contrib.Taxonomies.Drivers.TaxonomyMenuPartDriver
System.NullReferenceException: Object reference not set to an instance of an object.
   at Contrib.Taxonomies.Drivers.TaxonomyMenuPartDriver.<>c__DisplayClass5.<Display>b__2() in e:\Orchard.Source\src\Orchard.Web\Modules\Contrib.Taxonomies\Drivers\TaxonomyMenuPartDriver.cs:line 30
   at Orchard.ContentManagement.Drivers.ContentPartDriver`1.<>c__DisplayClassf.<ContentShape>b__e(BuildShapeContext ctx) in E:\Orchard.Source\src\Orchard\ContentManagement\Drivers\ContentPartDriver.cs:line 130
   at Orchard.ContentManagement.Drivers.ContentPartDriver`1.<>c__DisplayClass15.<ContentShapeImplementation>b__14(BuildShapeContext ctx) in E:\Orchard.Source\src\Orchard\ContentManagement\Drivers\ContentPartDriver.cs:line 139
   at Orchard.ContentManagement.Drivers.ContentShapeResult.ApplyImplementation(BuildShapeContext context, String displayType) in E:\Orchard.Source\src\Orchard\ContentManagement\Drivers\ContentShapeResult.cs:line 39
   at Orchard.ContentManagement.Drivers.ContentShapeResult.Apply(BuildDisplayContext context) in E:\Orchard.Source\src\Orchard\ContentManagement\Drivers\ContentShapeResult.cs:line 21
   at Orchard.ContentManagement.Drivers.Coordinators.ContentPartDriverCoordinator.<>c__DisplayClassa.<BuildDisplay>b__9(IContentPartDriver driver) in E:\Orchard.Source\src\Orchard\ContentManagement\Drivers\Coordinators\ContentPartDriverCoordinator.cs:line 49
   at Orchard.InvokeExtensions.Invoke[TEvents](IEnumerable`1 events, Action`1 dispatch, ILogger logger) in E:\Orchard.Source\src\Orchard\InvokeExtensions.cs:line 17
